<?xml version="1.0" encoding="UTF-8"?>
<robot generator="Robot 7.1 (Python 3.12.5 on win32)" generated="2024-10-05T15:00:46.295055" rpa="false" schemaversion="5">
<suite id="s1" name="Selenium" source="C:\Users\dmitr\robot_frameworks\selenium.robot">
<test id="s1-t1" name="Login with correct Username and Password" line="5">
<kw name="Open Browser" owner="SeleniumLibrary">
<msg time="2024-10-05T15:00:46.466419" level="INFO">Opening browser 'chrome' to base url 'https://the-internet.herokuapp.com/login'.</msg>
<arg>url=https://the-internet.herokuapp.com/login</arg>
<arg>browser=chrome</arg>
<doc>Opens a new browser instance to the optional ``url``.</doc>
<status status="PASS" start="2024-10-05T15:00:46.466419" elapsed="3.965196"/>
</kw>
<kw name="Input Text" owner="SeleniumLibrary">
<msg time="2024-10-05T15:00:50.432785" level="INFO">Typing text 'tomsmith' into text field 'username'.</msg>
<arg>username</arg>
<arg>tomsmith</arg>
<doc>Types the given ``text`` into the text field identified by ``locator``.</doc>
<status status="PASS" start="2024-10-05T15:00:50.432785" elapsed="0.137875"/>
</kw>
<kw name="Input Text" owner="SeleniumLibrary">
<msg time="2024-10-05T15:00:50.571667" level="INFO">Typing text 'SuperSecretPassword!' into text field 'password'.</msg>
<arg>password</arg>
<arg>SuperSecretPassword!</arg>
<doc>Types the given ``text`` into the text field identified by ``locator``.</doc>
<status status="PASS" start="2024-10-05T15:00:50.571667" elapsed="0.161897"/>
</kw>
<kw name="Click Button" owner="SeleniumLibrary">
<msg time="2024-10-05T15:00:50.733564" level="INFO">Clicking button 'class:radius'.</msg>
<arg>class:radius</arg>
<doc>Clicks the button identified by ``locator``.</doc>
<status status="PASS" start="2024-10-05T15:00:50.733564" elapsed="0.383929"/>
</kw>
<kw name="Element Should Contain" owner="SeleniumLibrary">
<msg time="2024-10-05T15:00:51.144663" level="INFO">Element 'id=flash' contains text 'You logged into a secure area!'.</msg>
<arg>id=flash</arg>
<arg>You logged into a secure area!</arg>
<doc>Verifies that element ``locator`` contains text ``expected``.</doc>
<status status="PASS" start="2024-10-05T15:00:51.117493" elapsed="0.027170"/>
</kw>
<kw name="Click Link" owner="SeleniumLibrary">
<msg time="2024-10-05T15:00:51.145773" level="INFO">Clicking link 'Logout'.</msg>
<arg>Logout</arg>
<doc>Clicks a link identified by ``locator``.</doc>
<status status="PASS" start="2024-10-05T15:00:51.145773" elapsed="0.342929"/>
</kw>
<kw name="Close Browser" owner="SeleniumLibrary">
<doc>Closes the current browser.</doc>
<status status="PASS" start="2024-10-05T15:00:51.488702" elapsed="2.131437"/>
</kw>
<status status="PASS" start="2024-10-05T15:00:46.463961" elapsed="7.156178"/>
</test>
<test id="s1-t2" name="Add Tasks And Set To Complete" line="14">
<kw name="Open Browser" owner="SeleniumLibrary">
<msg time="2024-10-05T15:00:53.622531" level="INFO">Opening browser 'chrome' to base url 'https://todomvc.com/examples/angular/dist/browser/#'.</msg>
<arg>url=https://todomvc.com/examples/angular/dist/browser/#</arg>
<arg>browser=chrome</arg>
<doc>Opens a new browser instance to the optional ``url``.</doc>
<status status="PASS" start="2024-10-05T15:00:53.622531" elapsed="2.823457"/>
</kw>
<kw name="Input Text" owner="SeleniumLibrary">
<msg time="2024-10-05T15:00:56.447004" level="INFO">Typing text 'Complete Robot Framework Training' into text field 'css:.new-todo'.</msg>
<arg>css:.new-todo</arg>
<arg>Complete Robot Framework Training</arg>
<doc>Types the given ``text`` into the text field identified by ``locator``.</doc>
<status status="PASS" start="2024-10-05T15:00:56.445988" elapsed="0.223462"/>
</kw>
<kw name="Press Keys" owner="SeleniumLibrary">
<msg time="2024-10-05T15:00:56.670462" level="INFO">Sending key(s) ('RETURN',) to css:.new-todo element.</msg>
<msg time="2024-10-05T15:00:56.961506" level="INFO">Pressing special key RETURN to element.</msg>
<msg time="2024-10-05T15:00:56.961506" level="INFO">Releasing special key RETURN.</msg>
<arg>css:.new-todo</arg>
<arg>RETURN</arg>
<doc>Simulates the user pressing key(s) to an element or on the active browser.</doc>
<status status="PASS" start="2024-10-05T15:00:56.669450" elapsed="0.330091"/>
</kw>
<kw name="Input Text" owner="SeleniumLibrary">
<msg time="2024-10-05T15:00:57.000546" level="INFO">Typing text 'Write Automated Tests' into text field 'css:.new-todo'.</msg>
<arg>css:.new-todo</arg>
<arg>Write Automated Tests</arg>
<doc>Types the given ``text`` into the text field identified by ``locator``.</doc>
<status status="PASS" start="2024-10-05T15:00:56.999541" elapsed="0.149474"/>
</kw>
<kw name="Press Keys" owner="SeleniumLibrary">
<msg time="2024-10-05T15:00:57.149015" level="INFO">Sending key(s) ('RETURN',) to css:.new-todo element.</msg>
<msg time="2024-10-05T15:00:57.446616" level="INFO">Pressing special key RETURN to element.</msg>
<msg time="2024-10-05T15:00:57.446616" level="INFO">Releasing special key RETURN.</msg>
<arg>css:.new-todo</arg>
<arg>RETURN</arg>
<doc>Simulates the user pressing key(s) to an element or on the active browser.</doc>
<status status="PASS" start="2024-10-05T15:00:57.149015" elapsed="0.304407"/>
</kw>
<kw name="Input Text" owner="SeleniumLibrary">
<msg time="2024-10-05T15:00:57.454528" level="INFO">Typing text 'Take a nap' into text field 'css:.new-todo'.</msg>
<arg>css:.new-todo</arg>
<arg>Take a nap</arg>
<doc>Types the given ``text`` into the text field identified by ``locator``.</doc>
<status status="PASS" start="2024-10-05T15:00:57.454528" elapsed="0.109308"/>
</kw>
<kw name="Press Keys" owner="SeleniumLibrary">
<msg time="2024-10-05T15:00:57.564826" level="INFO">Sending key(s) ('RETURN',) to css:.new-todo element.</msg>
<msg time="2024-10-05T15:00:57.857713" level="INFO">Pressing special key RETURN to element.</msg>
<msg time="2024-10-05T15:00:57.857713" level="INFO">Releasing special key RETURN.</msg>
<arg>css:.new-todo</arg>
<arg>RETURN</arg>
<doc>Simulates the user pressing key(s) to an element or on the active browser.</doc>
<status status="PASS" start="2024-10-05T15:00:57.563836" elapsed="0.306588"/>
</kw>
<kw name="Element Text Should Be" owner="SeleniumLibrary">
<msg time="2024-10-05T15:00:57.871424" level="INFO">Verifying element 'class:todo-count' contains exact text '3 items left'.</msg>
<arg>class:todo-count</arg>
<arg>3 items left</arg>
<doc>Verifies that element ``locator`` contains exact the text ``expected``.</doc>
<status status="PASS" start="2024-10-05T15:00:57.871424" elapsed="0.024341"/>
</kw>
<kw name="Click Element" owner="SeleniumLibrary">
<msg time="2024-10-05T15:00:57.896779" level="INFO">Clicking element 'xpath: //*[contains(text(), "Complete Robot Framework Training")]/../input'.</msg>
<arg>xpath: //*[contains(text(), "Complete Robot Framework Training")]/../input</arg>
<doc>Click the element identified by ``locator``.</doc>
<status status="PASS" start="2024-10-05T15:00:57.896779" elapsed="0.057999"/>
</kw>
<kw name="Element Text Should Be" owner="SeleniumLibrary">
<msg time="2024-10-05T15:00:57.955803" level="INFO">Verifying element 'class:todo-count' contains exact text '2 items left'.</msg>
<arg>class:todo-count</arg>
<arg>2 items left</arg>
<doc>Verifies that element ``locator`` contains exact the text ``expected``.</doc>
<status status="PASS" start="2024-10-05T15:00:57.955803" elapsed="0.016459"/>
</kw>
<kw name="Click Element" owner="SeleniumLibrary">
<msg time="2024-10-05T15:00:57.973270" level="INFO">Clicking element 'xpath: //*[contains(text(), "Write Automated Tests")]/../input'.</msg>
<arg>xpath: //*[contains(text(), "Write Automated Tests")]/../input</arg>
<doc>Click the element identified by ``locator``.</doc>
<status status="PASS" start="2024-10-05T15:00:57.973270" elapsed="0.052190"/>
</kw>
<kw name="Element Text Should Be" owner="SeleniumLibrary">
<msg time="2024-10-05T15:00:58.026458" level="INFO">Verifying element 'class:todo-count' contains exact text '1 item left'.</msg>
<arg>class:todo-count</arg>
<arg>1 item left</arg>
<doc>Verifies that element ``locator`` contains exact the text ``expected``.</doc>
<status status="PASS" start="2024-10-05T15:00:58.026458" elapsed="0.022475"/>
</kw>
<kw name="Click Element" owner="SeleniumLibrary">
<msg time="2024-10-05T15:00:58.048933" level="INFO">Clicking element 'xpath: //*[contains(text(), "Take a nap")]/../input'.</msg>
<arg>xpath: //*[contains(text(), "Take a nap")]/../input</arg>
<doc>Click the element identified by ``locator``.</doc>
<status status="PASS" start="2024-10-05T15:00:58.048933" elapsed="0.047676"/>
</kw>
<kw name="Element Text Should Be" owner="SeleniumLibrary">
<msg time="2024-10-05T15:00:58.097925" level="INFO">Verifying element 'class:todo-count' contains exact text '0 items left'.</msg>
<arg>class:todo-count</arg>
<arg>0 items left</arg>
<doc>Verifies that element ``locator`` contains exact the text ``expected``.</doc>
<status status="PASS" start="2024-10-05T15:00:58.096609" elapsed="0.019913"/>
</kw>
<status status="PASS" start="2024-10-05T15:00:53.621500" elapsed="4.495022"/>
</test>
<status status="PASS" start="2024-10-05T15:00:46.297041" elapsed="11.820497"/>
</suite>
<statistics>
<total>
<stat pass="2" fail="0" skip="0">All Tests</stat>
</total>
<tag>
</tag>
<suite>
<stat pass="2" fail="0" skip="0" id="s1" name="Selenium">Selenium</stat>
</suite>
</statistics>
<errors>
</errors>
</robot>
