<?xml version="1.0" encoding="UTF-8"?>
<robot generator="Robot 7.1 (Python 3.12.5 on win32)" generated="2024-10-05T14:57:12.058173" rpa="false" schemaversion="5">
<suite id="s1" name="Tour-Of" source="C:\Users\dmitr\robot_frameworks\tour-of.robot">
<kw name="Run Keywords" owner="BuiltIn" type="SETUP">
<kw name="Initialize Test Data" owner="data">
<kw name="Read Invoice Fixtures" owner="data">
<kw name="Get File" owner="OperatingSystem">
<msg time="2024-10-05T14:57:12.247673" level="INFO" html="true">Getting file '&lt;a href="file://C:\Users\dmitr\robot_frameworks\invoice-fixtures.json"&gt;C:\Users\dmitr\robot_frameworks\invoice-fixtures.json&lt;/a&gt;'.</msg>
<msg time="2024-10-05T14:57:12.248707" level="INFO">${json_data} = {
    "demo" : {
        "company_name" : "Beaufort Fairmont, LLC",
        "type_of_work" : "Test Automation",
        "status" : "Past Due",
        "amount" : "521.20",
        "due_date" : "2019-1...</msg>
<var>${json_data}</var>
<arg>${EXECDIR}/invoice-fixtures.json</arg>
<doc>Returns the contents of a specified file.</doc>
<status status="PASS" start="2024-10-05T14:57:12.247673" elapsed="0.001034"/>
</kw>
<kw name="Evaluate" owner="BuiltIn">
<msg time="2024-10-05T14:57:12.248707" level="INFO">${json} = {'demo': {'company_name': 'Beaufort Fairmont, LLC', 'type_of_work': 'Test Automation', 'status': 'Past Due', 'amount': '521.20', 'due_date': '2019-12-31', 'description': 'Test Automation experts helpi...</msg>
<var>${json}</var>
<arg>json.loads('''${json_data}''')</arg>
<arg>json</arg>
<doc>Evaluates the given expression in Python and returns the result.</doc>
<status status="PASS" start="2024-10-05T14:57:12.248707" elapsed="0.000000"/>
</kw>
<return>
<value>${json}</value>
<status status="PASS" start="2024-10-05T14:57:12.248707" elapsed="0.000000"/>
</return>
<msg time="2024-10-05T14:57:12.248707" level="INFO">${json} = {'demo': {'company_name': 'Beaufort Fairmont, LLC', 'type_of_work': 'Test Automation', 'status': 'Past Due', 'amount': '521.20', 'due_date': '2019-12-31', 'description': 'Test Automation experts helpi...</msg>
<var>${json}</var>
<status status="PASS" start="2024-10-05T14:57:12.247673" elapsed="0.001034"/>
</kw>
<kw name="Set Global Variable" owner="BuiltIn">
<msg time="2024-10-05T14:57:12.249712" level="INFO">${Invoices} = {'demo': {'company_name': 'Beaufort Fairmont, LLC', 'type_of_work': 'Test Automation', 'status': 'Past Due', 'amount': '521.20', 'due_date': '2019-12-31', 'description': 'Test Automation experts helpi...</msg>
<arg>${Invoices}</arg>
<arg>${json}</arg>
<doc>Makes a variable available globally in all tests and suites.</doc>
<status status="PASS" start="2024-10-05T14:57:12.248707" elapsed="0.001005"/>
</kw>
<status status="PASS" start="2024-10-05T14:57:12.247673" elapsed="0.002039"/>
</kw>
<kw name="Configure Selenium" owner="system">
<kw name="Set Selenium Speed" owner="SeleniumLibrary">
<arg>.5 Seconds</arg>
<doc>Sets the delay that is waited after each Selenium command.</doc>
<status status="PASS" start="2024-10-05T14:57:12.249712" elapsed="0.000000"/>
</kw>
<status status="PASS" start="2024-10-05T14:57:12.249712" elapsed="0.000000"/>
</kw>
<kw name="Navigate To Homepage" owner="system">
<kw name="Open Browser" owner="SeleniumLibrary">
<msg time="2024-10-05T14:57:12.250935" level="INFO">Opening browser 'Chrome' to base url 'http://inv.beaufortfairmont.com'.</msg>
<arg>${SiteUrl}</arg>
<arg>${BROWSER}</arg>
<doc>Opens a new browser instance to the optional ``url``.</doc>
<status status="PASS" start="2024-10-05T14:57:12.249712" elapsed="7.535964"/>
</kw>
<kw name="Maximize Browser Window" owner="SeleniumLibrary">
<doc>Maximizes current browser window.</doc>
<status status="PASS" start="2024-10-05T14:57:19.785676" elapsed="0.538337"/>
</kw>
<status status="PASS" start="2024-10-05T14:57:12.249712" elapsed="8.074301"/>
</kw>
<arg>Initialize Test Data</arg>
<arg>Configure Selenium</arg>
<arg>Navigate To Homepage</arg>
<doc>Executes all the given keywords in a sequence.</doc>
<status status="PASS" start="2024-10-05T14:57:12.247142" elapsed="8.076871"/>
</kw>
<test id="s1-t1" name="Create An Invoice" line="16">
<kw name="Get Dummy Invoice" owner="data">
<kw name="Get From Dictionary" owner="Collections">
<msg time="2024-10-05T14:57:20.326657" level="INFO">${invoice} = {'company_name': 'Beaufort Fairmont, LLC', 'type_of_work': 'Test Automation', 'status': 'Past Due', 'amount': '521.20', 'due_date': '2019-12-31', 'description': 'Test Automation experts helping us ram...</msg>
<var>${invoice}</var>
<arg>${Invoices}</arg>
<arg>${invoice_name}</arg>
<doc>Returns a value from the given ``dictionary`` based on the given ``key``.</doc>
<status status="PASS" start="2024-10-05T14:57:20.325625" elapsed="0.001032"/>
</kw>
<kw name="Randomize Invoice Id" owner="data">
<kw name="Generate Random Number" owner="system">
<kw name="Evaluate" owner="BuiltIn">
<msg time="2024-10-05T14:57:20.327656" level="INFO">${random_number} = 6975997</msg>
<var>${random_number}</var>
<arg>random.randint(1000000, 9999999)</arg>
<arg>random</arg>
<doc>Evaluates the given expression in Python and returns the result.</doc>
<status status="PASS" start="2024-10-05T14:57:20.326657" elapsed="0.000999"/>
</kw>
<return>
<value>${random_number}</value>
<status status="PASS" start="2024-10-05T14:57:20.327656" elapsed="0.000000"/>
</return>
<msg time="2024-10-05T14:57:20.327656" level="INFO">${random_number} = 6975997</msg>
<var>${random_number}</var>
<status status="PASS" start="2024-10-05T14:57:20.326657" elapsed="0.000999"/>
</kw>
<kw name="Update Invoice Id" owner="data">
<kw name="Set To Dictionary" owner="Collections">
<arg>${invoice}</arg>
<arg>id=${id}</arg>
<doc>Adds the given ``key_value_pairs`` and/or ``items`` to the ``dictionary``.</doc>
<status status="PASS" start="2024-10-05T14:57:20.327656" elapsed="0.000000"/>
</kw>
<arg>${invoice}</arg>
<arg>${random_number}</arg>
<status status="PASS" start="2024-10-05T14:57:20.327656" elapsed="0.000000"/>
</kw>
<arg>${invoice}</arg>
<status status="PASS" start="2024-10-05T14:57:20.326657" elapsed="0.001999"/>
</kw>
<return>
<value>${invoice}</value>
<status status="PASS" start="2024-10-05T14:57:20.328656" elapsed="0.000000"/>
</return>
<msg time="2024-10-05T14:57:20.328656" level="INFO">${invoice} = {'company_name': 'Beaufort Fairmont, LLC', 'type_of_work': 'Test Automation', 'status': 'Past Due', 'amount': '521.20', 'due_date': '2019-12-31', 'description': 'Test Automation experts helping us ram...</msg>
<var>${invoice}</var>
<arg>demo</arg>
<status status="PASS" start="2024-10-05T14:57:20.325625" elapsed="0.003031"/>
</kw>
<kw name="Navigate To Add Invoice" owner="navigation">
<kw name="Click Element" owner="SeleniumLibrary">
<msg time="2024-10-05T14:57:20.328656" level="INFO">Clicking element 'css:[href="#/addInvoice"]'.</msg>
<arg>css:[href="#/addInvoice"]</arg>
<doc>Click the element identified by ``locator``.</doc>
<status status="PASS" start="2024-10-05T14:57:20.328656" elapsed="1.074436"/>
</kw>
<status status="PASS" start="2024-10-05T14:57:20.328656" elapsed="1.074436"/>
</kw>
<kw name="Fill Out Invoice Details" owner="invoice-details-page">
<kw name="Enter Invoice Number" owner="invoice-details-page">
<kw name="Input Text" owner="SeleniumLibrary">
<msg time="2024-10-05T14:57:21.405680" level="INFO">Typing text '6975997' into text field 'css:[ng-model="invoice.invoiceNo"]'.</msg>
<arg>css:[ng-model="invoice.invoiceNo"]</arg>
<arg>${invoice_id}</arg>
<doc>Types the given ``text`` into the text field identified by ``locator``.</doc>
<status status="PASS" start="2024-10-05T14:57:21.405680" elapsed="1.632943"/>
</kw>
<arg>${invoice["id"]}</arg>
<status status="PASS" start="2024-10-05T14:57:21.405145" elapsed="1.633478"/>
</kw>
<kw name="Enter Company Name" owner="invoice-details-page">
<kw name="Input Text" owner="SeleniumLibrary">
<msg time="2024-10-05T14:57:23.040201" level="INFO">Typing text 'Beaufort Fairmont, LLC' into text field 'css:[ng-model="invoice.companyName"]'.</msg>
<arg>css:[ng-model="invoice.companyName"]</arg>
<arg>${company_name}</arg>
<doc>Types the given ``text`` into the text field identified by ``locator``.</doc>
<status status="PASS" start="2024-10-05T14:57:23.039163" elapsed="1.687088"/>
</kw>
<arg>${invoice["company_name"]}</arg>
<status status="PASS" start="2024-10-05T14:57:23.039163" elapsed="1.687088"/>
</kw>
<kw name="Enter Type of Work" owner="invoice-details-page">
<kw name="Input Text" owner="SeleniumLibrary">
<msg time="2024-10-05T14:57:24.726758" level="INFO">Typing text 'Test Automation' into text field 'css:[ng-model="invoice.typeOfWork"]'.</msg>
<arg>css:[ng-model="invoice.typeOfWork"]</arg>
<arg>${type_of_work}</arg>
<doc>Types the given ``text`` into the text field identified by ``locator``.</doc>
<status status="PASS" start="2024-10-05T14:57:24.726758" elapsed="1.638419"/>
</kw>
<arg>${invoice["type_of_work"]}</arg>
<status status="PASS" start="2024-10-05T14:57:24.726251" elapsed="1.638926"/>
</kw>
<kw name="Select Status" owner="invoice-details-page">
<kw name="Select From List By Value" owner="SeleniumLibrary">
<msg time="2024-10-05T14:57:26.366183" level="INFO">Selecting options from selection list 'css:[ng-model="invoice.status"]' by value Past Due.</msg>
<arg>css:[ng-model="invoice.status"]</arg>
<arg>${status}</arg>
<doc>Selects options from selection list ``locator`` by ``values``.</doc>
<status status="PASS" start="2024-10-05T14:57:26.366183" elapsed="4.085208"/>
</kw>
<arg>${invoice["status"]}</arg>
<status status="PASS" start="2024-10-05T14:57:26.365177" elapsed="4.086214"/>
</kw>
<kw name="Enter Amount" owner="invoice-details-page">
<kw name="Input Text" owner="SeleniumLibrary">
<msg time="2024-10-05T14:57:30.452403" level="INFO">Typing text '521.20' into text field 'css:[ng-model="invoice.price"]'.</msg>
<arg>css:[ng-model="invoice.price"]</arg>
<arg>${amount}</arg>
<doc>Types the given ``text`` into the text field identified by ``locator``.</doc>
<status status="PASS" start="2024-10-05T14:57:30.452403" elapsed="1.604334"/>
</kw>
<arg>${invoice["amount"]}</arg>
<status status="PASS" start="2024-10-05T14:57:30.451391" elapsed="1.605346"/>
</kw>
<kw name="Enter Due Date" owner="invoice-details-page">
<kw name="Input Text" owner="SeleniumLibrary">
<msg time="2024-10-05T14:57:32.057244" level="INFO">Typing text '2019-12-31' into text field 'css:[ng-model="invoice.dueDate"]'.</msg>
<arg>css:[ng-model="invoice.dueDate"]</arg>
<arg>${due_date}</arg>
<doc>Types the given ``text`` into the text field identified by ``locator``.</doc>
<status status="PASS" start="2024-10-05T14:57:32.057244" elapsed="1.619094"/>
</kw>
<arg>${invoice["due_date"]}</arg>
<status status="PASS" start="2024-10-05T14:57:32.057244" elapsed="1.619094"/>
</kw>
<kw name="Enter Description" owner="invoice-details-page">
<kw name="Input Text" owner="SeleniumLibrary">
<msg time="2024-10-05T14:57:33.677732" level="INFO">Typing text 'Test Automation experts helping us ramp up our automation efforts.' into text field 'css:[ng-model="invoice.comment"]'.</msg>
<arg>css:[ng-model="invoice.comment"]</arg>
<arg>${description}</arg>
<doc>Types the given ``text`` into the text field identified by ``locator``.</doc>
<status status="PASS" start="2024-10-05T14:57:33.676338" elapsed="1.846380"/>
</kw>
<arg>${invoice["description"]}</arg>
<status status="PASS" start="2024-10-05T14:57:33.676338" elapsed="1.846380"/>
</kw>
<arg>${invoice}</arg>
<status status="PASS" start="2024-10-05T14:57:21.404140" elapsed="14.118578"/>
</kw>
<kw name="Submit Invoice Form" owner="invoice-details-page">
<kw name="Click Button" owner="SeleniumLibrary">
<msg time="2024-10-05T14:57:35.523723" level="INFO">Clicking button 'createButton'.</msg>
<arg>createButton</arg>
<doc>Clicks the button identified by ``locator``.</doc>
<status status="PASS" start="2024-10-05T14:57:35.523723" elapsed="2.064996"/>
</kw>
<status status="PASS" start="2024-10-05T14:57:35.523723" elapsed="2.064996"/>
</kw>
<kw name="Get Invoice Id" owner="data">
<kw name="Convert To String" owner="BuiltIn">
<msg time="2024-10-05T14:57:37.591108" level="INFO">${invoice_id} = 6975997</msg>
<var>${invoice_id}</var>
<arg>${invoice["id"]}</arg>
<doc>Converts the given item to a Unicode string.</doc>
<status status="PASS" start="2024-10-05T14:57:37.589724" elapsed="0.001384"/>
</kw>
<return>
<value>${invoice_id}</value>
<status status="PASS" start="2024-10-05T14:57:37.591108" elapsed="0.000000"/>
</return>
<msg time="2024-10-05T14:57:37.591108" level="INFO">${invoice_id} = 6975997</msg>
<var>${invoice_id}</var>
<arg>${invoice}</arg>
<status status="PASS" start="2024-10-05T14:57:37.589724" elapsed="0.001384"/>
</kw>
<kw name="Page Should Contain" owner="SeleniumLibrary">
<msg time="2024-10-05T14:57:38.609899" level="INFO">Current page contains text '6975997'.</msg>
<arg>${invoice_id}</arg>
<doc>Verifies that current page contains ``text``.</doc>
<status status="PASS" start="2024-10-05T14:57:37.592117" elapsed="1.017782"/>
</kw>
<kw name="Open Invoice" owner="navigation">
<kw name="Click Link" owner="SeleniumLibrary">
<msg time="2024-10-05T14:57:38.610906" level="INFO">Clicking link 'css:#invoiceNo_6975997 &gt; a'.</msg>
<arg>css:#invoiceNo_${id} &gt; a</arg>
<doc>Clicks a link identified by ``locator``.</doc>
<status status="PASS" start="2024-10-05T14:57:38.610906" elapsed="1.567009"/>
</kw>
<arg>${invoice_id}</arg>
<status status="PASS" start="2024-10-05T14:57:38.610403" elapsed="1.567512"/>
</kw>
<status status="PASS" start="2024-10-05T14:57:20.324013" elapsed="19.854937"/>
</test>
<kw name="Exit Selenium" owner="system" type="TEARDOWN">
<kw name="Capture Page Screenshot" owner="SeleniumLibrary">
<msg time="2024-10-05T14:57:40.794456" level="INFO" html="true">&lt;/td&gt;&lt;/tr&gt;&lt;tr&gt;&lt;td colspan="3"&gt;&lt;a href="selenium-screenshot-1.png"&gt;&lt;img src="selenium-screenshot-1.png" width="800px"&gt;&lt;/a&gt;</msg>
<doc>Takes a screenshot of the current page and embeds it into a log file.</doc>
<status status="PASS" start="2024-10-05T14:57:40.180984" elapsed="0.613472"/>
</kw>
<kw name="Close Browser" owner="SeleniumLibrary">
<doc>Closes the current browser.</doc>
<status status="PASS" start="2024-10-05T14:57:40.795668" elapsed="2.603227"/>
</kw>
<status status="PASS" start="2024-10-05T14:57:40.179984" elapsed="3.219955"/>
</kw>
<status status="PASS" start="2024-10-05T14:57:12.060163" elapsed="31.339776"/>
</suite>
<statistics>
<total>
<stat pass="1" fail="0" skip="0">All Tests</stat>
</total>
<tag>
</tag>
<suite>
<stat pass="1" fail="0" skip="0" id="s1" name="Tour-Of">Tour-Of</stat>
</suite>
</statistics>
<errors>
</errors>
</robot>
