<?xml version="1.0" encoding="UTF-8"?>
<robot generator="Robot 7.1 (Python 3.12.5 on win32)" generated="2024-10-05T15:17:55.533433" rpa="false" schemaversion="5">
<suite id="s1" name="Chrome Test A" source="C:\Users\dmitr\robot_frameworks\chrome_browser\chrome_test_a.robot">
<test id="s1-t1" name="Valid Login" line="7">
<kw name="Open Browser" owner="SeleniumLibrary">
<msg time="2024-10-05T15:17:55.708618" level="INFO">Opening browser 'chrome' to base url 'https://google.fr'.</msg>
<arg>https://google.fr</arg>
<arg>chrome</arg>
<doc>Opens a new browser instance to the optional ``url``.</doc>
<status status="PASS" start="2024-10-05T15:17:55.708618" elapsed="3.851774"/>
</kw>
<status status="PASS" start="2024-10-05T15:17:55.706618" elapsed="3.853774"/>
</test>
<doc>Simple example using SeleniumLibrary.</doc>
<status status="PASS" start="2024-10-05T15:17:55.535433" elapsed="4.026184"/>
</suite>
<statistics>
<total>
<stat pass="1" fail="0" skip="0">All Tests</stat>
</total>
<tag>
</tag>
<suite>
<stat pass="1" fail="0" skip="0" id="s1" name="Chrome Test A">Chrome Test A</stat>
</suite>
</statistics>
<errors>
</errors>
</robot>
